0 info it worked if it ends with ok
1 verbose cli [ 'D:\\nodejs6\\node.exe',
1 verbose cli   'D:\\nodejs6\\node_modules\\npm\\bin\\npm-cli.js',
1 verbose cli   'run',
1 verbose cli   'test' ]
2 info using npm@3.10.10
3 info using node@v6.11.2
4 verbose run-script [ 'pretest', 'test', 'posttest' ]
5 info lifecycle aurelia-toolbelt@0.5.30~pretest: aurelia-toolbelt@0.5.30
6 silly lifecycle aurelia-toolbelt@0.5.30~pretest: no script for pretest, continuing
7 info lifecycle aurelia-toolbelt@0.5.30~test: aurelia-toolbelt@0.5.30
8 verbose lifecycle aurelia-toolbelt@0.5.30~test: unsafe-perm in lifecycle true
9 verbose lifecycle aurelia-toolbelt@0.5.30~test: PATH: D:\nodejs6\node_modules\npm\bin\node-gyp-bin;D:\@GitProjects\aurelia-toolbelt\node_modules\.bin;C:\Program Files\Microsoft MPI\Bin\;C:\Program Files\Docker\Docker\Resources\bin;C:\ProgramData\Oracle\Java\javapath;C:\Program Files (x86)\Intel\iCLS Client\;C:\Program Files\Intel\iCLS Client\;C:\Windows\system32;C:\Windows;C:\Windows\System32\Wbem;C:\Windows\System32\WindowsPowerShell\v1.0\;C:\Program Files (x86)\Intel\Intel(R) Management Engine Components\DAL;C:\Program Files\Intel\Intel(R) Management Engine Components\DAL;C:\Program Files (x86)\Intel\Intel(R) Management Engine Components\IPT;C:\Program Files\Intel\Intel(R) Management Engine Components\IPT;C:\Program Files (x86)\NVIDIA Corporation\PhysX\Common;C:\WINDOWS\system32;C:\WINDOWS;C:\WINDOWS\System32\Wbem;C:\WINDOWS\System32\WindowsPowerShell\v1.0\;D:\Calibre3.6\;D:\Redis\;D:\Microsoft SQL Server\Client SDK\ODBC\130\Tools\Binn\;D:\Microsoft SQL Server\140\Tools\Binn\;D:\Microsoft SQL Server\140\DTS\Binn\;D:\Microsoft SQL Server\140\Tools\Binn\ManagementStudio\;D:\Windows Kits\10\Windows Performance Toolkit\;D:\Microsoft SQL Server\130\Tools\Binn\;C:\Program Files\Microsoft SQL Server\130\Tools\Binn\;D:\Microsoft SQL Server\130\DTS\Binn\;C:\Program Files\Microsoft SQL Server\130\DTS\Binn\;C:\Program Files\Microsoft SQL Server\Client SDK\ODBC\130\Tools\Binn\;C:\Program Files (x86)\GtkSharp\2.12\bin;D:\nodejs6\;D:\Git\cmd;D:\mingw64\bin;D:\cmake-3.9.4-win64-x64\bin;C:\Program Files\dotnet\;C:\Users\emking\.cargo\bin;C:\Users\emking\AppData\Local\Microsoft\WindowsApps;D:\Fiddler;C:\Users\emking\AppData\Local\Markdown Monster;D:\Markdown Monster\Markdown Monster;C:\Users\emking\AppData\Roaming\npm;D:\Microsoft VS Code\bin;C:\Users\emking\AppData\Local\GitHubDesktop\bin;%USERPROFILE%\AppData\Local\Microsoft\WindowsApps;
10 verbose lifecycle aurelia-toolbelt@0.5.30~test: CWD: D:\@GitProjects\aurelia-toolbelt
11 silly lifecycle aurelia-toolbelt@0.5.30~test: Args: [ '/d /s /c', 'jest --config=jest.config.json' ]
12 silly lifecycle aurelia-toolbelt@0.5.30~test: Returned: code: 1  signal: null
13 info lifecycle aurelia-toolbelt@0.5.30~test: Failed to exec test script
14 verbose stack Error: aurelia-toolbelt@0.5.30 test: `jest --config=jest.config.json`
14 verbose stack Exit status 1
14 verbose stack     at EventEmitter.<anonymous> (D:\nodejs6\node_modules\npm\lib\utils\lifecycle.js:255:16)
14 verbose stack     at emitTwo (events.js:106:13)
14 verbose stack     at EventEmitter.emit (events.js:191:7)
14 verbose stack     at ChildProcess.<anonymous> (D:\nodejs6\node_modules\npm\lib\utils\spawn.js:40:14)
14 verbose stack     at emitTwo (events.js:106:13)
14 verbose stack     at ChildProcess.emit (events.js:191:7)
14 verbose stack     at maybeClose (internal/child_process.js:891:16)
14 verbose stack     at Process.ChildProcess._handle.onexit (internal/child_process.js:226:5)
15 verbose pkgid aurelia-toolbelt@0.5.30
16 verbose cwd D:\@GitProjects\aurelia-toolbelt
17 error Windows_NT 10.0.16299
18 error argv "D:\\nodejs6\\node.exe" "D:\\nodejs6\\node_modules\\npm\\bin\\npm-cli.js" "run" "test"
19 error node v6.11.2
20 error npm  v3.10.10
21 error code ELIFECYCLE
22 error aurelia-toolbelt@0.5.30 test: `jest --config=jest.config.json`
22 error Exit status 1
23 error Failed at the aurelia-toolbelt@0.5.30 test script 'jest --config=jest.config.json'.
23 error Make sure you have the latest version of node.js and npm installed.
23 error If you do, this is most likely a problem with the aurelia-toolbelt package,
23 error not with npm itself.
23 error Tell the author that this fails on your system:
23 error     jest --config=jest.config.json
23 error You can get information on how to open an issue for this project with:
23 error     npm bugs aurelia-toolbelt
23 error Or if that isn't available, you can get their info via:
23 error     npm owner ls aurelia-toolbelt
23 error There is likely additional logging output above.
24 verbose exit [ 1, true ]
